Vivado Simulator v2024.2.0
Copyright 1986-2022 Xilinx, Inc. All Rights Reserved.
Copyright 2022-2024 Advanced Micro Devices, Inc. All Rights Reserved.
Running: C:/AMDvivado/Vivado/2024.2/bin/unwrapped/win64.o/xelab.exe --incr --debug typical --relax --mt 2 -L xil_defaultlib -L xbip_utils_v3_0_14 -L c_reg_fd_v12_0_10 -L xbip_dsp48_wrapper_v3_0_6 -L xbip_pipe_v3_0_10 -L c_addsub_v12_0_19 -L unisims_ver -L unimacro_ver -L secureip -L xpm --snapshot four_bit_tb_behav xil_defaultlib.four_bit_tb xil_defaultlib.glbl -log elaborate.log 
Using 2 slave threads.
Starting static elaboration
Pass Through NonSizing Optimizer
Completed static elaboration
Starting simulation data flow analysis
Completed simulation data flow analysis
Time Resolution for simulation is 1ps
Compiling package std.standard
Compiling package std.textio
Compiling package ieee.std_logic_1164
Compiling package ieee.numeric_std
Compiling package c_addsub_v12_0_19.c_addsub_v12_0_19_viv_comp
Compiling package xbip_utils_v3_0_14.xbip_utils_v3_0_14_pkg
Compiling package xbip_pipe_v3_0_10.xbip_pipe_v3_0_10_viv_comp
Compiling package c_addsub_v12_0_19.c_addsub_v12_0_19_pkg
Compiling package c_addsub_v12_0_19.c_addsub_v12_0_19_pkg_legacy
Compiling package c_reg_fd_v12_0_10.c_reg_fd_v12_0_10_viv_comp
Compiling package unisim.vcomponents
Compiling architecture structural of entity c_reg_fd_v12_0_10.c_reg_fd_v12_0_10_viv [\c_reg_fd_v12_0_10_viv(c_sync_pr...]
Compiling architecture structural of entity c_reg_fd_v12_0_10.c_reg_fd_v12_0_10_viv [\c_reg_fd_v12_0_10_viv(c_width=4...]
Compiling architecture muxcy_v of entity unisim.MUXCY [muxcy_default]
Compiling architecture xorcy_v of entity unisim.XORCY [xorcy_default]
Compiling architecture rtl of entity c_addsub_v12_0_19.c_addsub_v12_0_19_lut6_legacy [\c_addsub_v12_0_19_lut6_legacy(c...]
Compiling architecture synth of entity c_addsub_v12_0_19.c_addsub_v12_0_19_fabric_legacy [\c_addsub_v12_0_19_fabric_legacy...]
Compiling architecture synth of entity c_addsub_v12_0_19.c_addsub_v12_0_19_legacy [\c_addsub_v12_0_19_legacy(c_fami...]
Compiling architecture synth of entity c_addsub_v12_0_19.c_addsub_v12_0_19_viv [\c_addsub_v12_0_19_viv(c_xdevice...]
Compiling architecture xilinx of entity c_addsub_v12_0_19.c_addsub_v12_0_19 [\c_addsub_v12_0_19(c_xdevicefami...]
Compiling architecture c_addsub_0_arch of entity xil_defaultlib.c_addsub_0 [c_addsub_0_default]
Compiling module xil_defaultlib.four_bit
Compiling module xil_defaultlib.four_bit_tb
Compiling module xil_defaultlib.glbl
Built simulation snapshot four_bit_tb_behav
